{"D:\\前端\\Front-end\\front-end\\4.FEE\\code\\react-test-demo\\src\\components\\Button.tsx": {"path":"D:\\前端\\Front-end\\front-end\\4.FEE\\code\\react-test-demo\\src\\components\\Button.tsx","statementMap":{"0":{"start":{"line":1,"column":0},"end":{"line":1,"column":26}},"1":{"start":{"line":2,"column":0},"end":{"line":2,"column":49}},"2":{"start":{"line":4,"column":20},"end":{"line":4,"column":63}},"3":{"start":{"line":13,"column":46},"end":{"line":20,"column":1}},"4":{"start":{"line":14,"column":31},"end":{"line":14,"column":48}},"5":{"start":{"line":15,"column":2},"end":{"line":19,"column":4}},"6":{"start":{"line":13,"column":13},"end":{"line":13,"column":46}}},"fnMap":{"0":{"name":"(anonymous_1)","decl":{"start":{"line":13,"column":46},"end":{"line":13,"column":47}},"loc":{"start":{"line":13,"column":69},"end":{"line":20,"column":1}}}},"branchMap":{},"s":{"0":1,"1":1,"2":1,"3":1,"4":1,"5":1,"6":1},"f":{"0":1},"b":{}}
,"D:\\前端\\Front-end\\front-end\\4.FEE\\code\\react-test-demo\\src\\hooks\\useBoolean.ts": {"path":"D:\\前端\\Front-end\\front-end\\4.FEE\\code\\react-test-demo\\src\\hooks\\useBoolean.ts","statementMap":{"0":{"start":{"line":1,"column":0},"end":{"line":1,"column":33}},"1":{"start":{"line":3,"column":26},"end":{"line":11,"column":1}},"2":{"start":{"line":4,"column":24},"end":{"line":4,"column":43}},"3":{"start":{"line":6,"column":17},"end":{"line":8,"column":3}},"4":{"start":{"line":7,"column":4},"end":{"line":7,"column":17}},"5":{"start":{"line":10,"column":2},"end":{"line":10,"column":23}},"6":{"start":{"line":3,"column":13},"end":{"line":3,"column":26}}},"fnMap":{"0":{"name":"(anonymous_0)","decl":{"start":{"line":3,"column":26},"end":{"line":3,"column":27}},"loc":{"start":{"line":3,"column":40},"end":{"line":11,"column":1}}},"1":{"name":"(anonymous_1)","decl":{"start":{"line":6,"column":17},"end":{"line":6,"column":20}},"loc":{"start":{"line":6,"column":22},"end":{"line":8,"column":3}}}},"branchMap":{},"s":{"0":1,"1":1,"2":1,"3":1,"4":0,"5":1,"6":1},"f":{"0":1,"1":0},"b":{}}
,"D:\\前端\\Front-end\\front-end\\4.FEE\\code\\react-test-demo\\src\\utils\\math.ts": {"path":"D:\\前端\\Front-end\\front-end\\4.FEE\\code\\react-test-demo\\src\\utils\\math.ts","statementMap":{"0":{"start":{"line":1,"column":19},"end":{"line":1,"column":34}},"1":{"start":{"line":1,"column":29},"end":{"line":1,"column":34}},"2":{"start":{"line":1,"column":13},"end":{"line":1,"column":19}}},"fnMap":{"0":{"name":"(anonymous_0)","decl":{"start":{"line":1,"column":19},"end":{"line":1,"column":20}},"loc":{"start":{"line":1,"column":29},"end":{"line":1,"column":34}}}},"branchMap":{},"s":{"0":1,"1":1,"2":1},"f":{"0":1},"b":{}}
}
