<?xml version="1.0" encoding="UTF-8"?>
<coverage generated="1671369069718" clover="3.2.0">
  <project timestamp="1671369069718" name="All files">
    <metrics statements="18" coveredstatements="16" conditionals="8" coveredconditionals="5" methods="9" coveredmethods="9" elements="35" coveredelements="30" complexity="0" loc="18" ncloc="18" packages="2" files="6" classes="6"/>
    <package name="src">
      <metrics statements="14" coveredstatements="12" conditionals="8" coveredconditionals="5" methods="6" coveredmethods="6"/>
      <file name="featchEnv.ts" path="/Users/tinggao/FeProjects/about-test/f2e-test-zhaowa/src/featchEnv.ts">
        <metrics statements="2" coveredstatements="2" conditionals="2" coveredconditionals="1" methods="2" coveredmethods="2"/>
        <line num="9" count="4" type="stmt"/>
        <line num="11" count="10" type="cond" truecount="1" falsecount="1"/>
      </file>
      <file name="getIntArray.js" path="/Users/tinggao/FeProjects/about-test/f2e-test-zhaowa/src/getIntArray.js">
        <metrics statements="4" coveredstatements="3" conditionals="2" coveredconditionals="1" methods="1" coveredmethods="1"/>
        <line num="1" count="1" type="stmt"/>
        <line num="2" count="1" type="cond" truecount="1" falsecount="1"/>
        <line num="3" count="0" type="stmt"/>
        <line num="6" count="1" type="stmt"/>
      </file>
      <file name="main.js" path="/Users/tinggao/FeProjects/about-test/f2e-test-zhaowa/src/main.js">
        <metrics statements="5" coveredstatements="4" conditionals="4" coveredconditionals="3" methods="1" coveredmethods="1"/>
        <line num="17" count="3" type="cond" truecount="1" falsecount="1"/>
        <line num="18" count="0" type="stmt"/>
        <line num="20" count="3" type="cond" truecount="2" falsecount="0"/>
        <line num="21" count="1" type="stmt"/>
        <line num="23" count="2" type="stmt"/>
      </file>
      <file name="sum.ts" path="/Users/tinggao/FeProjects/about-test/f2e-test-zhaowa/src/sum.ts">
        <metrics statements="1" coveredstatements="1" conditionals="0" coveredconditionals="0" methods="1" coveredmethods="1"/>
        <line num="2" count="3" type="stmt"/>
      </file>
      <file name="userInfo.js" path="/Users/tinggao/FeProjects/about-test/f2e-test-zhaowa/src/userInfo.js">
        <metrics statements="2" coveredstatements="2" conditionals="0" coveredconditionals="0" methods="1" coveredmethods="1"/>
        <line num="1" count="1" type="stmt"/>
        <line num="2" count="5" type="stmt"/>
      </file>
    </package>
    <package name="src.services">
      <metrics statements="4" coveredstatements="4" conditionals="0" coveredconditionals="0" methods="3" coveredmethods="3"/>
      <file name="fetchUser.js" path="/Users/tinggao/FeProjects/about-test/f2e-test-zhaowa/src/services/fetchUser.js">
        <metrics statements="4" coveredstatements="4" conditionals="0" coveredconditionals="0" methods="3" coveredmethods="3"/>
        <line num="1" count="1" type="stmt"/>
        <line num="2" count="1" type="stmt"/>
        <line num="3" count="1" type="stmt"/>
        <line num="4" count="1" type="stmt"/>
      </file>
    </package>
  </project>
</coverage>
