{"/Users/tinggao/FeProjects/about-test/f2e-test-zhaowa/src/featchEnv.ts": {"path":"/Users/tinggao/FeProjects/about-test/f2e-test-zhaowa/src/featchEnv.ts","statementMap":{"0":{"start":{"line":9,"column":15},"end":{"line":9,"column":73}},"1":{"start":{"line":11,"column":2},"end":{"line":11,"column":64}},"2":{"start":{"line":11,"column":28},"end":{"line":11,"column":45}}},"fnMap":{"0":{"name":"fetchEnv","decl":{"start":{"line":8,"column":16},"end":{"line":8,"column":24}},"loc":{"start":{"line":8,"column":48},"end":{"line":12,"column":1}},"line":8},"1":{"name":"(anonymous_1)","decl":{"start":{"line":11,"column":19},"end":{"line":11,"column":20}},"loc":{"start":{"line":11,"column":28},"end":{"line":11,"column":45}},"line":11}},"branchMap":{"0":{"loc":{"start":{"line":11,"column":9},"end":{"line":11,"column":63}},"type":"binary-expr","locations":[{"start":{"line":11,"column":9},"end":{"line":11,"column":46}},{"start":{"line":11,"column":50},"end":{"line":11,"column":63}}],"line":11}},"s":{"0":4,"1":4,"2":10},"f":{"0":4,"1":10},"b":{"0":[4,0]},"_coverageSchema":"1a1c01bbd47fc00a2c39e90264f33305004495a9","hash":"0cc0260c50d1b9b5892b36db2f5521bfb2943e32"}
,"/Users/tinggao/FeProjects/about-test/f2e-test-zhaowa/src/getIntArray.js": {"path":"/Users/tinggao/FeProjects/about-test/f2e-test-zhaowa/src/getIntArray.js","statementMap":{"0":{"start":{"line":1,"column":28},"end":{"line":7,"column":1}},"1":{"start":{"line":2,"column":2},"end":{"line":4,"column":3}},"2":{"start":{"line":3,"column":4},"end":{"line":3,"column":38}},"3":{"start":{"line":6,"column":2},"end":{"line":6,"column":36}}},"fnMap":{"0":{"name":"(anonymous_0)","decl":{"start":{"line":1,"column":28},"end":{"line":1,"column":29}},"loc":{"start":{"line":1,"column":37},"end":{"line":7,"column":1}},"line":1}},"branchMap":{"0":{"loc":{"start":{"line":2,"column":2},"end":{"line":4,"column":3}},"type":"if","locations":[{"start":{"line":2,"column":2},"end":{"line":4,"column":3}},{"start":{},"end":{}}],"line":2}},"s":{"0":1,"1":1,"2":0,"3":1},"f":{"0":1},"b":{"0":[0,1]},"_coverageSchema":"1a1c01bbd47fc00a2c39e90264f33305004495a9","hash":"d3a3f3b728cf57dd93451c1d34b1f0cebca13394"}
,"/Users/tinggao/FeProjects/about-test/f2e-test-zhaowa/src/main.js": {"path":"/Users/tinggao/FeProjects/about-test/f2e-test-zhaowa/src/main.js","statementMap":{"0":{"start":{"line":17,"column":2},"end":{"line":19,"column":3}},"1":{"start":{"line":18,"column":4},"end":{"line":18,"column":36}},"2":{"start":{"line":20,"column":2},"end":{"line":22,"column":3}},"3":{"start":{"line":21,"column":4},"end":{"line":21,"column":14}},"4":{"start":{"line":23,"column":2},"end":{"line":23,"column":11}}},"fnMap":{"0":{"name":"abs","decl":{"start":{"line":16,"column":16},"end":{"line":16,"column":19}},"loc":{"start":{"line":16,"column":23},"end":{"line":24,"column":1}},"line":16}},"branchMap":{"0":{"loc":{"start":{"line":17,"column":2},"end":{"line":19,"column":3}},"type":"if","locations":[{"start":{"line":17,"column":2},"end":{"line":19,"column":3}},{"start":{},"end":{}}],"line":17},"1":{"loc":{"start":{"line":20,"column":2},"end":{"line":22,"column":3}},"type":"if","locations":[{"start":{"line":20,"column":2},"end":{"line":22,"column":3}},{"start":{},"end":{}}],"line":20}},"s":{"0":3,"1":0,"2":3,"3":1,"4":2},"f":{"0":3},"b":{"0":[0,3],"1":[1,2]},"_coverageSchema":"1a1c01bbd47fc00a2c39e90264f33305004495a9","hash":"7ed8df9ee1a19757b4b3fc68fc6c7359407ac2ff"}
,"/Users/tinggao/FeProjects/about-test/f2e-test-zhaowa/src/sum.ts": {"path":"/Users/tinggao/FeProjects/about-test/f2e-test-zhaowa/src/sum.ts","statementMap":{"0":{"start":{"line":2,"column":2},"end":{"line":2,"column":15}}},"fnMap":{"0":{"name":"sum","decl":{"start":{"line":1,"column":16},"end":{"line":1,"column":19}},"loc":{"start":{"line":1,"column":26},"end":{"line":3,"column":1}},"line":1}},"branchMap":{},"s":{"0":3},"f":{"0":3},"b":{},"_coverageSchema":"1a1c01bbd47fc00a2c39e90264f33305004495a9","hash":"264733ae0b2c62a6a2e24ac87e1b5f2332f2ba48"}
,"/Users/tinggao/FeProjects/about-test/f2e-test-zhaowa/src/userInfo.js": {"path":"/Users/tinggao/FeProjects/about-test/f2e-test-zhaowa/src/userInfo.js","statementMap":{"0":{"start":{"line":1,"column":27},"end":{"line":6,"column":1}},"1":{"start":{"line":2,"column":2},"end":{"line":5,"column":4}}},"fnMap":{"0":{"name":"(anonymous_0)","decl":{"start":{"line":1,"column":27},"end":{"line":1,"column":28}},"loc":{"start":{"line":1,"column":33},"end":{"line":6,"column":1}},"line":1}},"branchMap":{},"s":{"0":1,"1":5},"f":{"0":5},"b":{},"_coverageSchema":"1a1c01bbd47fc00a2c39e90264f33305004495a9","hash":"2a92c561ac0832534922c209a01b95f89e2d560a"}
,"/Users/tinggao/FeProjects/about-test/f2e-test-zhaowa/src/services/fetchUser.js": {"path":"/Users/tinggao/FeProjects/about-test/f2e-test-zhaowa/src/services/fetchUser.js","statementMap":{"0":{"start":{"line":1,"column":25},"end":{"line":10,"column":1}},"1":{"start":{"line":2,"column":2},"end":{"line":9,"column":5}},"2":{"start":{"line":3,"column":4},"end":{"line":8,"column":13}},"3":{"start":{"line":4,"column":6},"end":{"line":7,"column":9}}},"fnMap":{"0":{"name":"(anonymous_0)","decl":{"start":{"line":1,"column":25},"end":{"line":1,"column":26}},"loc":{"start":{"line":1,"column":31},"end":{"line":10,"column":1}},"line":1},"1":{"name":"(anonymous_1)","decl":{"start":{"line":2,"column":21},"end":{"line":2,"column":22}},"loc":{"start":{"line":2,"column":42},"end":{"line":9,"column":3}},"line":2},"2":{"name":"(anonymous_2)","decl":{"start":{"line":3,"column":15},"end":{"line":3,"column":16}},"loc":{"start":{"line":3,"column":21},"end":{"line":8,"column":5}},"line":3}},"branchMap":{},"s":{"0":1,"1":1,"2":1,"3":1},"f":{"0":1,"1":1,"2":1},"b":{},"_coverageSchema":"1a1c01bbd47fc00a2c39e90264f33305004495a9","hash":"414fab5709ab66ebd3d6465f1be04b8cbd70e6d1"}
}
