TN:
SF:src/featchEnv.ts
FN:8,fetchEnv
FN:11,(anonymous_1)
FNF:2
FNH:2
FNDA:4,fetchEnv
FNDA:10,(anonymous_1)
DA:9,4
DA:11,10
LF:2
LH:2
BRDA:11,0,0,4
BRDA:11,0,1,0
BRF:2
BRH:1
end_of_record
TN:
SF:src/getIntArray.js
FN:1,(anonymous_0)
FNF:1
FNH:1
FNDA:1,(anonymous_0)
DA:1,1
DA:2,1
DA:3,0
DA:6,1
LF:4
LH:3
BRDA:2,0,0,0
BRDA:2,0,1,1
BRF:2
BRH:1
end_of_record
TN:
SF:src/main.js
FN:16,abs
FNF:1
FNH:1
FNDA:3,abs
DA:17,3
DA:18,0
DA:20,3
DA:21,1
DA:23,2
LF:5
LH:4
BRDA:17,0,0,0
BRDA:17,0,1,3
BRDA:20,1,0,1
BRDA:20,1,1,2
BRF:4
BRH:3
end_of_record
TN:
SF:src/sum.ts
FN:1,sum
FNF:1
FNH:1
FNDA:3,sum
DA:2,3
LF:1
LH:1
BRF:0
BRH:0
end_of_record
TN:
SF:src/userInfo.js
FN:1,(anonymous_0)
FNF:1
FNH:1
FNDA:5,(anonymous_0)
DA:1,1
DA:2,5
LF:2
LH:2
BRF:0
BRH:0
end_of_record
TN:
SF:src/services/fetchUser.js
FN:1,(anonymous_0)
FN:2,(anonymous_1)
FN:3,(anonymous_2)
FNF:3
FNH:3
FNDA:1,(anonymous_0)
FNDA:1,(anonymous_1)
FNDA:1,(anonymous_2)
DA:1,1
DA:2,1
DA:3,1
DA:4,1
LF:4
LH:4
BRF:0
BRH:0
end_of_record
